════════════════════════════════════════════════════════════
  Loading data...
════════════════════════════════════════════════════════════
Total raw rows  : 7202
Total sequences :   7172  shape: (7172, 30, 8)
Train           :   5731  -> SubsetA: 2865, SubsetB: 2866
Val             :    720
Test            :    721
  Running on: cuda

────────────────────────────────────────────────────────────
  EXPERIMENT A — Training on Subset A
────────────────────────────────────────────────────────────

  [Subset A] Training SmallMLP...
  Epoch   1/100  train_MSE: 0.002093  val_MSE: 0.088915  (no_improve: 0/10)
  Epoch  10/100  train_MSE: 0.000066  val_MSE: 0.164237  (no_improve: 5/10)
  ↳ Early stop at epoch 15  best_val_MSE: 0.039996

  [Subset A] Training DeepMLP...
  Epoch   1/100  train_MSE: 0.000078  val_MSE: 1.132085  (no_improve: 0/10)
  Epoch  10/100  train_MSE: 0.000023  val_MSE: 0.090896  (no_improve: 6/10)
  ↳ Early stop at epoch 14  best_val_MSE: 0.060891

  [Subset A] Training LSTM...
  Epoch   1/100  train_MSE: 0.000154  val_MSE: 1.248244  (no_improve: 0/10)
  Epoch  10/100  train_MSE: 0.000002  val_MSE: 0.378321  (no_improve: 1/10)
  ↳ Early stop at epoch 19  best_val_MSE: 0.373283

  [Subset A] Training GRU...
  Epoch   1/100  train_MSE: 0.001371  val_MSE: 0.810349  (no_improve: 0/10)
  Epoch  10/100  train_MSE: 0.000007  val_MSE: 0.109101  (no_improve: 3/10)
  ↳ Early stop at epoch 17  best_val_MSE: 0.077284

  [Subset A] Training BiLSTM...
  Epoch   1/100  train_MSE: 0.000441  val_MSE: 1.448865  (no_improve: 0/10)
  Epoch  10/100  train_MSE: 0.000010  val_MSE: 0.250545  (no_improve: 0/10)
  Epoch  20/100  train_MSE: 0.000015  val_MSE: 0.369880  (no_improve: 9/10)
  ↳ Early stop at epoch 21  best_val_MSE: 0.246471

──────────────────────────────────────────────────
  Trained on Subset A | Evaluated on subsetA_eval
──────────────────────────────────────────────────
  Model                    MSE         MAE
  ──────────────  ────────────  ──────────
  SmallMLP              0.5448      0.6002
  DeepMLP               0.5924      0.6753
  LSTM                  0.0293      0.1115
  GRU                   0.2241      0.3844
  BiLSTM                0.0803      0.2013
  Mean Ensemble         0.2000      0.3641
  Weighted Ens.         0.3776      0.5140
──────────────────────────────────────────────────

──────────────────────────────────────────────────
  Trained on Subset A | Evaluated on subsetB_eval
──────────────────────────────────────────────────
  Model                    MSE         MAE
  ──────────────  ────────────  ──────────
  SmallMLP             74.8961      6.1208
  DeepMLP             110.9705      7.6768
  LSTM                176.9562      7.3516
  GRU                  85.1176      6.3065
  BiLSTM              144.9409      7.2568
  Mean Ensemble       112.7340      6.9345
  Weighted Ens.        92.7379      6.7001
──────────────────────────────────────────────────

────────────────────────────────────────────────────────────
  EXPERIMENT A — Training on Subset B
────────────────────────────────────────────────────────────

  [Subset B] Training SmallMLP...
  Epoch   1/100  train_MSE: 0.006392  val_MSE: 0.010356  (no_improve: 0/10)
  Epoch  10/100  train_MSE: 0.001224  val_MSE: 0.022466  (no_improve: 7/10)
  ↳ Early stop at epoch 13  best_val_MSE: 0.006650

  [Subset B] Training DeepMLP...
  Epoch   1/100  train_MSE: 0.002339  val_MSE: 0.011579  (no_improve: 0/10)
  Epoch  10/100  train_MSE: 0.001955  val_MSE: 0.007903  (no_improve: 1/10)
  ↳ Early stop at epoch 19  best_val_MSE: 0.007534

  [Subset B] Training LSTM...
  Epoch   1/100  train_MSE: 0.000969  val_MSE: 0.052277  (no_improve: 0/10)
  Epoch  10/100  train_MSE: 0.000172  val_MSE: 0.002046  (no_improve: 0/10)
  Epoch  20/100  train_MSE: 0.000119  val_MSE: 0.001684  (no_improve: 5/10)
  Epoch  30/100  train_MSE: 0.000090  val_MSE: 0.001325  (no_improve: 0/10)
  Epoch  40/100  train_MSE: 0.000267  val_MSE: 0.001626  (no_improve: 2/10)
  ↳ Early stop at epoch 48  best_val_MSE: 0.001064

  [Subset B] Training GRU...
  Epoch   1/100  train_MSE: 0.001927  val_MSE: 0.011835  (no_improve: 0/10)
  Epoch  10/100  train_MSE: 0.000152  val_MSE: 0.001192  (no_improve: 0/10)
  Epoch  20/100  train_MSE: 0.000107  val_MSE: 0.002051  (no_improve: 10/10)
  ↳ Early stop at epoch 20  best_val_MSE: 0.001192

  [Subset B] Training BiLSTM...
  Epoch   1/100  train_MSE: 0.001792  val_MSE: 0.030722  (no_improve: 0/10)
  Epoch  10/100  train_MSE: 0.000272  val_MSE: 0.003292  (no_improve: 0/10)
  Epoch  20/100  train_MSE: 0.000179  val_MSE: 0.001702  (no_improve: 0/10)
  Epoch  30/100  train_MSE: 0.000127  val_MSE: 0.001491  (no_improve: 0/10)
  Epoch  40/100  train_MSE: 0.000097  val_MSE: 0.001353  (no_improve: 3/10)
  ↳ Early stop at epoch 47  best_val_MSE: 0.001329

──────────────────────────────────────────────────
  Trained on Subset B | Evaluated on subsetA_eval
──────────────────────────────────────────────────
  Model                    MSE         MAE
  ──────────────  ────────────  ──────────
  SmallMLP             65.6589      8.0428
  DeepMLP               2.1375      1.2535
  LSTM                  2.6526      1.5821
  GRU                  11.2181      3.2779
  BiLSTM                0.4294      0.4206
  Mean Ensemble         6.0296      2.4309
  Weighted Ens.         3.9175      1.9228
──────────────────────────────────────────────────

──────────────────────────────────────────────────
  Trained on Subset B | Evaluated on subsetB_eval
──────────────────────────────────────────────────
  Model                    MSE         MAE
  ──────────────  ────────────  ──────────
  SmallMLP             61.6697      7.5684
  DeepMLP             117.4632      9.8346
  LSTM                  5.6846      2.2137
  GRU                   6.4188      2.3374
  BiLSTM                2.1990      1.0984
  Mean Ensemble        21.9850      4.4534
  Weighted Ens.         7.0076      2.4763
──────────────────────────────────────────────────

════════════════════════════════════════════════════════════
  EXPERIMENT B — Full training set (all 5 models + baseline)
════════════════════════════════════════════════════════════

  [FullTrain] Training SmallMLP...
  Epoch   1/100  train_MSE: 0.002992  val_MSE: 0.021299  (no_improve: 0/10)
  Epoch  10/100  train_MSE: 0.000821  val_MSE: 0.019552  (no_improve: 4/10)
  ↳ Early stop at epoch 16  best_val_MSE: 0.005874

  [FullTrain] Training DeepMLP...
  Epoch   1/100  train_MSE: 0.001279  val_MSE: 0.007943  (no_improve: 0/10)
  Epoch  10/100  train_MSE: 0.001044  val_MSE: 0.009911  (no_improve: 3/10)
  Epoch  20/100  train_MSE: 0.000792  val_MSE: 0.033362  (no_improve: 5/10)
  ↳ Early stop at epoch 25  best_val_MSE: 0.006878

  [FullTrain] Training LSTM...
  Epoch   1/100  train_MSE: 0.000557  val_MSE: 0.045638  (no_improve: 0/10)
  Epoch  10/100  train_MSE: 0.000069  val_MSE: 0.002472  (no_improve: 1/10)
  Epoch  20/100  train_MSE: 0.000095  val_MSE: 0.003817  (no_improve: 5/10)
  ↳ Early stop at epoch 25  best_val_MSE: 0.001487

  [FullTrain] Training GRU...
  Epoch   1/100  train_MSE: 0.000994  val_MSE: 0.012691  (no_improve: 0/10)
  Epoch  10/100  train_MSE: 0.000224  val_MSE: 0.001386  (no_improve: 0/10)
  Epoch  20/100  train_MSE: 0.000133  val_MSE: 0.001196  (no_improve: 0/10)
  Epoch  30/100  train_MSE: 0.000121  val_MSE: 0.001344  (no_improve: 9/10)
  ↳ Early stop at epoch 31  best_val_MSE: 0.001119

  [FullTrain] Training BiLSTM...
  Epoch   1/100  train_MSE: 0.000878  val_MSE: 0.031176  (no_improve: 0/10)
  Epoch  10/100  train_MSE: 0.000165  val_MSE: 0.003875  (no_improve: 0/10)
  Epoch  20/100  train_MSE: 0.000077  val_MSE: 0.002716  (no_improve: 0/10)
  Epoch  30/100  train_MSE: 0.000102  val_MSE: 0.004127  (no_improve: 3/10)
  ↳ Early stop at epoch 37  best_val_MSE: 0.001557

  Training Baseline SmallMLP (seed=999)...
  Epoch   1/100  train_MSE: 0.001776  val_MSE: 0.022150  (no_improve: 0/10)
  Epoch  10/100  train_MSE: 0.000736  val_MSE: 0.011137  (no_improve: 6/10)
  Epoch  20/100  train_MSE: 0.000843  val_MSE: 0.021629  (no_improve: 4/10)
  ↳ Early stop at epoch 26  best_val_MSE: 0.007271

──────────────────────────────────────────────────
  Experiment B — Test Set: Individual Models vs Ensembles vs Baseline
──────────────────────────────────────────────────
  Model                    MSE         MAE
  ──────────────  ────────────  ──────────
  SmallMLP             85.3010      7.2383
  DeepMLP             120.3472      9.1121
  LSTM                137.7941      8.6017
  GRU                  88.9687      7.1464
  BiLSTM               26.1532      4.0157
  Mean Ensemble        58.8532      6.0046
  Weighted Ens.        62.1396      5.9163
  Baseline MLP        118.4343      8.7456
──────────────────────────────────────────────────

  Weighted ensemble weights (sum=1): [0.0674 0.0576 0.2663 0.3541 0.2545]

════════════════════════════════════════════════════════════
  SECTION 4 — Forecasting
════════════════════════════════════════════════════════════

  Short-term (5-day) forecast (USD): [227.05 224.79 223.86 223.37 222.89]
  Long-term  (30-day)  forecast (USD): [227.05 224.79 223.86 223.37 222.89 222.53 222.33 222.07 221.86 221.58
 221.36 221.35 221.4  221.48 221.74 221.81 221.8  221.53 221.26 221.08
 221.   220.85 220.59 220.39 220.2  220.1  220.05 219.93 219.85 219.6 ]

════════════════════════════════════════════════════════════
  SECTION 5 — Generating graphs...
════════════════════════════════════════════════════════════
  Saved: loss_curves.png
  Saved: test_predictions.png
  Saved: subsetA_metrics.png
  Saved: subsetB_metrics.png
  Saved: ensemble_vs_baseline.png
  Saved: short_term_forecast.png
  Saved: long_term_forecast.png

════════════════════════════════════════════════════════════
  All experiments and graphs complete.
  Plots saved to: E:\school\Masterat\Calcul Neuronal\Proiect2\plots
════════════════════════════════════════════════════════════